<?xml version="1.0" encoding="UTF-8"?>
<testsuite xmlns:xsi="http://www.w3.org/2001/XMLSchema-instance" xsi:noNamespaceSchemaLocation="https://maven.apache.org/surefire/maven-surefire-plugin/xsd/surefire-test-report.xsd" name="auca.student.AppTest" time="0.024" tests="23" errors="0" skipped="0" failures="0">
  <properties>
[...]
</properties>
  <testcase name="testGreetMyLady" classname="auca.student.AppTest" time="0.003"/>
  <testcase name="testGreetBabyGirl" classname="auca.student.AppTest" time="0"/>
  <testcase name="shouldAnswerWithTrue" classname="auca.student.AppTest" time="0"/>
  <testcase name="testGreetNegativeAge" classname="auca.student.AppTest" time="0"/>
  <testcase name="testGetGradeForSampleMarks" classname="auca.student.AppTest" time="0"/>
  <testcase name="testGreetYoungLady" classname="auca.student.AppTest" time="0"/>
  <testcase name="testGreetMyBoy" classname="auca.student.AppTest" time="0"/>
  <testcase name="testGetEvenNumbersWithNoEvenNumbers" classname="auca.student.AppTest" time="0.001"/>
  <testcase name="testGreetBabyBoy" classname="auca.student.AppTest" time="0"/>
  <testcase name="testGetEvenNumbers" classname="auca.student.AppTest" time="0"/>
  <testcase name="testGreetYoungBoy" classname="auca.student.AppTest" time="0"/>
  <testcase name="testAddTwoNumbers" classname="auca.student.AppTest" time="0"/>
  <testcase name="testGreetMum" classname="auca.student.AppTest" time="0"/>
  <testcase name="testGreetSir" classname="auca.student.AppTest" time="0"/>
  <testcase name="testGetGradeForDistinctionA" classname="auca.student.AppTest" time="0"/>
  <testcase name="testGetGradeForDistinctionB" classname="auca.student.AppTest" time="0"/>
  <testcase name="testGetGradeForDistinctionC" classname="auca.student.AppTest" time="0"/>
  <testcase name="testGetGradeForDistinctionD" classname="auca.student.AppTest" time="0"/>
  <testcase name="testGetGradeForDistinctionE" classname="auca.student.AppTest" time="0"/>
  <testcase name="testGreetInvalidGender" classname="auca.student.AppTest" time="0"/>
  <testcase name="testGetEvenNumbersWithInvalidInput" classname="auca.student.AppTest" time="0"/>
  <testcase name="testGetGradeForInvalidInput" classname="auca.student.AppTest" time="0"/>
  <testcase name="testGetGradeForFail" classname="auca.student.AppTest" time="0"/>
</testsuite>