<?xml version="1.0" encoding="UTF-8"?>
<testsuite xmlns:xsi="http://www.w3.org/2001/XMLSchema-instance" xsi:noNamespaceSchemaLocation="https://maven.apache.org/surefire/maven-surefire-plugin/xsd/surefire-test-report.xsd" name="auca.student.AppTest" time="0.038" tests="12" errors="0" skipped="0" failures="0">
  <properties>
[...]
</properties>
  <testcase name="testGreetMyLady" classname="auca.student.AppTest" time="0.003"/>
  <testcase name="testGreetBabyGirl" classname="auca.student.AppTest" time="0"/>
  <testcase name="shouldAnswerWithTrue" classname="auca.student.AppTest" time="0"/>
  <testcase name="testGreetNegativeAge" classname="auca.student.AppTest" time="0"/>
  <testcase name="testGreetYoungLady" classname="auca.student.AppTest" time="0"/>
  <testcase name="testGreetMyBoy" classname="auca.student.AppTest" time="0"/>
  <testcase name="testGreetBabyBoy" classname="auca.student.AppTest" time="0"/>
  <testcase name="testGreetYoungBoy" classname="auca.student.AppTest" time="0"/>
  <testcase name="testAddTwoNumbers" classname="auca.student.AppTest" time="0"/>
  <testcase name="testGreetMum" classname="auca.student.AppTest" time="0"/>
  <testcase name="testGreetSir" classname="auca.student.AppTest" time="0.001"/>
  <testcase name="testGreetInvalidGender" classname="auca.student.AppTest" time="0"/>
</testsuite>